[20:32:39] [Client thread/INFO]: Setting user: Player903
[20:32:40] [Client thread/INFO]: LWJGL Version: 2.9.2
[20:32:44] [Client thread/INFO]: Reloading ResourceManager: Default, FMLFileResourcePack:Forge Mod Loader, FMLFileResourcePack:Minecraft Forge
[20:32:44] [Sound Library Loader/INFO]: Starting up SoundSystem...
[20:32:45] [Thread-7/INFO]: Initializing LWJGL OpenAL
[20:32:45] [Thread-7/INFO]: (The LWJGL binding of OpenAL.  For more information, see http://www.lwjgl.org)
[20:32:45] [Thread-7/INFO]: OpenAL initialized.
[20:32:45] [Sound Library Loader/INFO]: Sound engine started
[20:32:46] [Client thread/INFO]: Created: 512x512 textures-atlas
[20:32:46] [Client thread/INFO]: Reloading ResourceManager: Default, FMLFileResourcePack:Forge Mod Loader, FMLFileResourcePack:Minecraft Forge
[20:32:46] [Client thread/INFO]: SoundSystem shutting down...
[20:32:47] [Client thread/WARN]: Author: Paul Lamb, www.paulscode.com
[20:32:47] [Sound Library Loader/INFO]: Starting up SoundSystem...
[20:32:47] [Thread-9/INFO]: Initializing LWJGL OpenAL
[20:32:47] [Thread-9/INFO]: (The LWJGL binding of OpenAL.  For more information, see http://www.lwjgl.org)
[20:32:47] [Thread-9/INFO]: OpenAL initialized.
[20:32:47] [Sound Library Loader/INFO]: Sound engine started
[20:32:47] [Client thread/INFO]: Created: 512x512 textures-atlas
[20:32:50] [Client thread/WARN]: Unable to start LAN server detection: Can't assign requested address
[20:33:06] [Client thread/INFO]: Stopping!
[20:33:06] [Client thread/INFO]: SoundSystem shutting down...
[20:33:06] [Client thread/WARN]: Author: Paul Lamb, www.paulscode.com
